<?xml version="1.0" encoding="UTF-8"?>
<!-- Generated by org.testng.reporters.JUnitXMLReporter -->
<testsuite ignored="0" hostname="DESKTOP-RI6563Q" failures="0" tests="3" name="Default test" time="16.746" errors="0" timestamp="2026-02-24T21:10:35 IST">
  <testcase classname="AuthAPIs.AuthAPIsTest" name="basicAuthTest" time="9.651"/>
  <testcase classname="AuthAPIs.AuthAPIsTest" name="digestiveAuthTest" time="4.433"/>
  <testcase classname="AuthAPIs.AuthAPIsTest" name="preemptiveAuthTest" time="2.504"/>
</testsuite> <!-- Default test -->
