<?xml version="1.0" encoding="UTF-8"?>
<testng-results ignored="0" total="3" passed="3" failed="0" skipped="0">
  <reporter-output>
  </reporter-output>
  <suite started-at="2026-02-24T21:10:19 IST" name="Default suite" finished-at="2026-02-24T21:10:35 IST" duration-ms="16746">
    <groups>
    </groups>
    <test started-at="2026-02-24T21:10:19 IST" name="Default test" finished-at="2026-02-24T21:10:35 IST" duration-ms="16746">
      <class name="AuthAPIs.AuthAPIsTest">
        <test-method signature="basicAuthTest()[pri:0, instance:AuthAPIs.AuthAPIsTest@647fd8ce]" started-at="2026-02-24T21:10:19 IST" name="basicAuthTest" finished-at="2026-02-24T21:10:28 IST" duration-ms="9651" status="PASS">
          <reporter-output>
          </reporter-output>
        </test-method> <!-- basicAuthTest -->
        <test-method signature="digestiveAuthTest()[pri:0, instance:AuthAPIs.AuthAPIsTest@647fd8ce]" started-at="2026-02-24T21:10:28 IST" name="digestiveAuthTest" finished-at="2026-02-24T21:10:33 IST" duration-ms="4433" status="PASS">
          <reporter-output>
          </reporter-output>
        </test-method> <!-- digestiveAuthTest -->
        <test-method signature="preemptiveAuthTest()[pri:0, instance:AuthAPIs.AuthAPIsTest@647fd8ce]" started-at="2026-02-24T21:10:33 IST" name="preemptiveAuthTest" finished-at="2026-02-24T21:10:35 IST" duration-ms="2504" status="PASS">
          <reporter-output>
          </reporter-output>
        </test-method> <!-- preemptiveAuthTest -->
      </class> <!-- AuthAPIs.AuthAPIsTest -->
    </test> <!-- Default test -->
  </suite> <!-- Default suite -->
</testng-results>
