<?xml version="1.0" encoding="UTF-8"?>
<!-- Generated by org.testng.reporters.JUnitReportReporter -->
<testsuite hostname="DESKTOP-RI6563Q" failures="0" tests="3" name="GETAPITestsWithBDD.GETAPIWithQueryParamsAndPathParams" time="7.748" errors="0" timestamp="2024-09-05T17:10:30 IST" skipped="0">
  <testcase classname="GETAPITestsWithBDD.GETAPIWithQueryParamsAndPathParams" name="getUserWith_QueryParams_withHashMap" time="1.208"/>
  <testcase classname="GETAPITestsWithBDD.GETAPIWithQueryParamsAndPathParams" name="getUserWith_QueryParams" time="1.113"/>
  <testcase classname="GETAPITestsWithBDD.GETAPIWithQueryParamsAndPathParams" name="getUserAPI_WithPathParams" time="5.427"/>
</testsuite> <!-- GETAPITestsWithBDD.GETAPIWithQueryParamsAndPathParams -->
