<?xml version="1.0" encoding="UTF-8"?>
<!-- Generated by org.testng.reporters.JUnitReportReporter -->
<testsuite hostname="DESKTOP-RI6563Q" failures="0" tests="6" name="BookingAPITests.BookingApiFeatureTests" time="29.520" errors="0" timestamp="2024-09-11T19:41:40 IST" skipped="0">
  <testcase classname="BookingAPITests.BookingApiFeatureTests" name="deleteBookingTest" time="8.410"/>
  <testcase classname="BookingAPITests.BookingApiFeatureTests" name="getBookingIdsTest" time="3.785"/>
  <testcase classname="BookingAPITests.BookingApiFeatureTests" name="partialBookingTest" time="5.234"/>
  <testcase classname="BookingAPITests.BookingApiFeatureTests" name="createBookingTest" time="2.731"/>
  <testcase classname="BookingAPITests.BookingApiFeatureTests" name="updateBookingTest" time="5.301"/>
  <testcase classname="BookingAPITests.BookingApiFeatureTests" name="getBookingIdTest" time="4.059"/>
</testsuite> <!-- BookingAPITests.BookingApiFeatureTests -->
