<?xml version="1.0" encoding="UTF-8"?>
<!-- Generated by org.testng.reporters.JUnitReportReporter -->
<testsuite hostname="DESKTOP-RI6563Q" failures="0" tests="3" name="AuthAPIs.AuthAPIsTest" time="16.588" errors="0" timestamp="2026-02-24T21:10:36 IST" skipped="0">
  <testcase classname="AuthAPIs.AuthAPIsTest" name="digestiveAuthTest" time="4.433"/>
  <testcase classname="AuthAPIs.AuthAPIsTest" name="preemptiveAuthTest" time="2.504"/>
  <testcase classname="AuthAPIs.AuthAPIsTest" name="basicAuthTest" time="9.651"/>
</testsuite> <!-- AuthAPIs.AuthAPIsTest -->
